<?xml version="1.0" encoding="UTF-8"?>
<testng-results skipped="0" failed="1" ignored="0" total="3" passed="2">
  <reporter-output>
  </reporter-output>
  <suite name="Default suite" duration-ms="11627" started-at="2017-12-14T01:47:12Z" finished-at="2017-12-14T01:47:24Z">
    <groups>
    </groups>
    <test name="Default test" duration-ms="11627" started-at="2017-12-14T01:47:12Z" finished-at="2017-12-14T01:47:24Z">
      <class name="ApiTest.ServiceTest">
        <test-method status="PASS" signature="testLoginEndPoint()[pri:1, instance:ApiTest.ServiceTest@68be2bc2]" name="testLoginEndPoint" duration-ms="1763" started-at="2017-12-13T20:47:12Z" finished-at="2017-12-13T20:47:14Z">
          <reporter-output>
          </reporter-output>
        </test-method> <!-- testLoginEndPoint -->
        <test-method status="PASS" signature="testCreateUsersEndpoint()[pri:2, instance:ApiTest.ServiceTest@68be2bc2]" name="testCreateUsersEndpoint" duration-ms="9011" started-at="2017-12-13T20:47:14Z" finished-at="2017-12-13T20:47:23Z">
          <reporter-output>
          </reporter-output>
        </test-method> <!-- testCreateUsersEndpoint -->
        <test-method status="FAIL" signature="testUpdateIdEndpoint()[pri:3, instance:ApiTest.ServiceTest@68be2bc2]" name="testUpdateIdEndpoint" duration-ms="829" started-at="2017-12-13T20:47:23Z" finished-at="2017-12-13T20:47:24Z">
          <exception class="java.util.NoSuchElementException">
            <full-stacktrace>
              <![CDATA[java.util.NoSuchElementException
	at java.util.StringTokenizer.nextToken(Unknown Source)
	at ApiTest.ServiceTest.testUpdateIdEndpoint(ServiceTest.java:146)
	at sun.reflect.NativeMethodAccessorImpl.invoke0(Native Method)
	at sun.reflect.NativeMethodAccessorImpl.invoke(Unknown Source)
	at sun.reflect.DelegatingMethodAccessorImpl.invoke(Unknown Source)
	at java.lang.reflect.Method.invoke(Unknown Source)
	at org.testng.internal.MethodInvocationHelper.invokeMethod(MethodInvocationHelper.java:108)
	at org.testng.internal.Invoker.invokeMethod(Invoker.java:669)
	at org.testng.internal.Invoker.invokeTestMethod(Invoker.java:877)
	at org.testng.internal.Invoker.invokeTestMethods(Invoker.java:1201)
	at org.testng.internal.TestMethodWorker.invokeTestMethods(TestMethodWorker.java:125)
	at org.testng.internal.TestMethodWorker.run(TestMethodWorker.java:109)
	at org.testng.TestRunner.privateRun(TestRunner.java:776)
	at org.testng.TestRunner.run(TestRunner.java:634)
	at org.testng.SuiteRunner.runTest(SuiteRunner.java:425)
	at org.testng.SuiteRunner.runSequentially(SuiteRunner.java:420)
	at org.testng.SuiteRunner.privateRun(SuiteRunner.java:385)
	at org.testng.SuiteRunner.run(SuiteRunner.java:334)
	at org.testng.SuiteRunnerWorker.runSuite(SuiteRunnerWorker.java:52)
	at org.testng.SuiteRunnerWorker.run(SuiteRunnerWorker.java:86)
	at org.testng.TestNG.runSuitesSequentially(TestNG.java:1318)
	at org.testng.TestNG.runSuitesLocally(TestNG.java:1243)
	at org.testng.TestNG.runSuites(TestNG.java:1161)
	at org.testng.TestNG.run(TestNG.java:1129)
	at org.testng.remote.AbstractRemoteTestNG.run(AbstractRemoteTestNG.java:114)
	at org.testng.remote.RemoteTestNG.initAndRun(RemoteTestNG.java:251)
	at org.testng.remote.RemoteTestNG.main(RemoteTestNG.java:77)
]]>
            </full-stacktrace>
          </exception> <!-- java.util.NoSuchElementException -->
          <reporter-output>
          </reporter-output>
        </test-method> <!-- testUpdateIdEndpoint -->
      </class> <!-- ApiTest.ServiceTest -->
    </test> <!-- Default test -->
  </suite> <!-- Default suite -->
</testng-results>
